<?xml version="1.0" encoding="UTF-8"?>
<!-- Generated by org.testng.reporters.JUnitReportReporter -->
<testsuite skipped="0" hostname="malli-PC" name="Selenium_TestNG.ValidatePromptCancelAlertFunctionality" tests="1" failures="0" timestamp="24 Aug 2024 02:36:13 GMT" time="55.973" errors="0">
  <testcase name="ValidatePromptAlert" time="55.973" classname="Selenium_TestNG.ValidatePromptCancelAlertFunctionality"/>
</testsuite> <!-- Selenium_TestNG.ValidatePromptCancelAlertFunctionality -->
