<?xml version="1.0" encoding="UTF-8"?>
<!-- Generated by org.testng.reporters.JUnitReportReporter -->
<testsuite skipped="0" hostname="malli-PC" name="Selenium_TestNG.LabelDemo2" tests="1" failures="0" timestamp="23 Aug 2024 03:28:35 GMT" time="29.822" errors="0">
  <testcase name="label" time="29.822" classname="Selenium_TestNG.LabelDemo2"/>
</testsuite> <!-- Selenium_TestNG.LabelDemo2 -->
