<?xml version="1.0" encoding="UTF-8"?>
<!-- Generated by org.testng.reporters.JUnitReportReporter -->
<testsuite skipped="0" hostname="malli-PC" name="TestNG.TestNGDemo2" tests="4" failures="0" timestamp="17 Aug 2024 03:31:38 GMT" time="0.013" errors="0">
  <testcase name="funB" time="0.005" classname="TestNG.TestNGDemo2"/>
  <testcase name="funA" time="0.002" classname="TestNG.TestNGDemo2"/>
  <testcase name="funD" time="0.003" classname="TestNG.TestNGDemo2"/>
  <testcase name="funC" time="0.003" classname="TestNG.TestNGDemo2"/>
</testsuite> <!-- TestNG.TestNGDemo2 -->
