<?xml version="1.0" encoding="UTF-8"?>
<!-- Generated by org.testng.reporters.JUnitReportReporter -->
<testsuite skipped="0" hostname="malli-PC" name="TestNG.TestNGAnnotationDemo1" tests="2" failures="0" timestamp="17 Aug 2024 03:42:33 GMT" time="0.012" errors="0">
  <testcase name="funB" time="0.004" classname="TestNG.TestNGAnnotationDemo1"/>
  <testcase name="funA" time="0.008" classname="TestNG.TestNGAnnotationDemo1"/>
</testsuite> <!-- TestNG.TestNGAnnotationDemo1 -->
