<?xml version="1.0" encoding="UTF-8"?>
<!-- Generated by org.testng.reporters.JUnitReportReporter -->
<testsuite skipped="0" hostname="malli-PC" name="Selenium_TestNG.TittleDemo1" tests="1" failures="0" timestamp="27 Aug 2024 02:49:18 GMT" time="91.614" errors="0">
  <testcase name="tittle" time="91.614" classname="Selenium_TestNG.TittleDemo1"/>
</testsuite> <!-- Selenium_TestNG.TittleDemo1 -->
