<?xml version="1.0" encoding="UTF-8"?>
<!-- Generated by org.testng.reporters.JUnitReportReporter -->
<testsuite skipped="0" hostname="malli-PC" name="Selenium_TestNG.WebTableDemo2" tests="1" failures="0" timestamp="25 Aug 2024 06:40:36 GMT" time="264.440" errors="0">
  <testcase name="webTable" time="264.440" classname="Selenium_TestNG.WebTableDemo2"/>
</testsuite> <!-- Selenium_TestNG.WebTableDemo2 -->
