<?xml version="1.0" encoding="UTF-8"?>
<!-- Generated by org.testng.reporters.JUnitReportReporter -->
<testsuite skipped="0" hostname="malli-PC" name="AutoITDemo.FileUploadDemo1" tests="1" failures="0" timestamp="08 Sep 2024 07:06:54 GMT" time="43.091" errors="0">
  <testcase name="FileUpload" time="43.091" classname="AutoITDemo.FileUploadDemo1"/>
</testsuite> <!-- AutoITDemo.FileUploadDemo1 -->
