<?xml version="1.0" encoding="UTF-8"?>
<!-- Generated by org.testng.reporters.JUnitReportReporter -->
<testsuite skipped="0" hostname="malli-PC" name="Selenium_TestNG.ExplicitWaitDemo4" tests="1" failures="0" timestamp="01 Sep 2024 04:16:43 GMT" time="25.145" errors="0">
  <testcase name="ExplicitWait" time="25.145" classname="Selenium_TestNG.ExplicitWaitDemo4"/>
</testsuite> <!-- Selenium_TestNG.ExplicitWaitDemo4 -->
