<?xml version="1.0" encoding="UTF-8"?>
<!-- Generated by org.testng.reporters.JUnitReportReporter -->
<testsuite skipped="0" hostname="malli-PC" name="Selenium_TestNG.DragAndDropDemo1" tests="1" failures="0" timestamp="28 Aug 2024 02:29:37 GMT" time="24.848" errors="0">
  <testcase name="DragAndDrop" time="24.848" classname="Selenium_TestNG.DragAndDropDemo1"/>
</testsuite> <!-- Selenium_TestNG.DragAndDropDemo1 -->
