<?xml version="1.0" encoding="UTF-8"?>
<!-- Generated by org.testng.reporters.JUnitReportReporter -->
<testsuite skipped="0" hostname="malli-PC" name="Selenium_TestNG.PopUpWindowHanleDemo1" tests="1" failures="0" timestamp="26 Aug 2024 02:55:29 GMT" time="56.357" errors="0">
  <testcase name="labe" time="56.357" classname="Selenium_TestNG.PopUpWindowHanleDemo1"/>
</testsuite> <!-- Selenium_TestNG.PopUpWindowHanleDemo1 -->
