<?xml version="1.0" encoding="UTF-8"?>
<!-- Generated by org.testng.reporters.JUnitReportReporter -->
<testsuite skipped="0" hostname="malli-PC" name="Selenium_TestNG.LinksDemo1" tests="1" failures="0" timestamp="21 Aug 2024 03:15:14 GMT" time="31.740" errors="0">
  <testcase name="linksCount" time="31.740" classname="Selenium_TestNG.LinksDemo1"/>
</testsuite> <!-- Selenium_TestNG.LinksDemo1 -->
