<?xml version="1.0" encoding="UTF-8"?>
<!-- Generated by org.testng.reporters.JUnitReportReporter -->
<testsuite skipped="0" hostname="malli-PC" name="Selenium_TestNG.ExplicitWaitDemo3" tests="1" failures="0" timestamp="31 Aug 2024 03:18:38 GMT" time="40.924" errors="0">
  <testcase name="ExplicitWait" time="40.924" classname="Selenium_TestNG.ExplicitWaitDemo3"/>
</testsuite> <!-- Selenium_TestNG.ExplicitWaitDemo3 -->
