<?xml version="1.0" encoding="UTF-8"?>
<!-- Generated by org.testng.reporters.JUnitReportReporter -->
<testsuite skipped="0" hostname="malli-PC" name="Selenium_TestNG.DropDownDemo2" tests="1" failures="0" timestamp="21 Aug 2024 16:57:41 GMT" time="22.852" errors="0">
  <testcase name="originPlace" time="22.852" classname="Selenium_TestNG.DropDownDemo2"/>
</testsuite> <!-- Selenium_TestNG.DropDownDemo2 -->
