<?xml version="1.0" encoding="UTF-8"?>
<!-- Generated by org.testng.reporters.JUnitReportReporter -->
<testsuite skipped="0" hostname="malli-PC" name="Selenium_TestNG.WebTableDemo3" tests="1" failures="0" timestamp="01 Sep 2024 16:16:32 GMT" time="274.087" errors="0">
  <testcase name="webTable" time="274.087" classname="Selenium_TestNG.WebTableDemo3"/>
</testsuite> <!-- Selenium_TestNG.WebTableDemo3 -->
