<?xml version="1.0" encoding="UTF-8"?>
<!-- Generated by org.testng.reporters.JUnitReportReporter -->
<testsuite skipped="0" hostname="malli-PC" name="Selenium_TestNG.LabelDemo3" tests="1" failures="0" timestamp="24 Aug 2024 03:40:22 GMT" time="19.531" errors="0">
  <testcase name="label" time="19.531" classname="Selenium_TestNG.LabelDemo3"/>
</testsuite> <!-- Selenium_TestNG.LabelDemo3 -->
