<?xml version="1.0" encoding="UTF-8"?>
<!-- Generated by org.testng.reporters.JUnitReportReporter -->
<testsuite skipped="0" hostname="malli-PC" name="Selenium_TestNG.ValidatePromptAlertFunctionality" tests="1" failures="0" timestamp="24 Aug 2024 02:30:43 GMT" time="79.246" errors="0">
  <testcase name="ValidatePromptAlert" time="79.246" classname="Selenium_TestNG.ValidatePromptAlertFunctionality"/>
</testsuite> <!-- Selenium_TestNG.ValidatePromptAlertFunctionality -->
