<?xml version="1.0" encoding="UTF-8"?>
<!-- Generated by org.testng.reporters.JUnitReportReporter -->
<testsuite skipped="0" hostname="malli-PC" name="Selenium_TestNG.Mercury" tests="1" failures="0" timestamp="27 Aug 2024 02:44:17 GMT" time="85.054" errors="0">
  <testcase name="Mercurylogin" time="85.054" classname="Selenium_TestNG.Mercury"/>
</testsuite> <!-- Selenium_TestNG.Mercury -->
