<?xml version="1.0" encoding="UTF-8"?>
<!-- Generated by org.testng.reporters.JUnitReportReporter -->
<testsuite skipped="0" hostname="malli-PC" name="TestNG.TestNGGroupsDemo1" tests="4" failures="0" timestamp="17 Aug 2024 03:31:38 GMT" time="0.008" errors="0">
  <testcase name="funB" time="0.002" classname="TestNG.TestNGGroupsDemo1"/>
  <testcase name="funA" time="0.002" classname="TestNG.TestNGGroupsDemo1"/>
  <testcase name="funD" time="0.002" classname="TestNG.TestNGGroupsDemo1"/>
  <testcase name="funC" time="0.002" classname="TestNG.TestNGGroupsDemo1"/>
</testsuite> <!-- TestNG.TestNGGroupsDemo1 -->
