<?xml version="1.0" encoding="UTF-8"?>
<!-- Generated by org.testng.reporters.JUnitReportReporter -->
<testsuite skipped="0" hostname="malli-PC" name="AutoITDemo.FileUploadDemo4" tests="1" failures="0" timestamp="09 Sep 2024 08:47:22 GMT" time="29.105" errors="0">
  <testcase name="FileUpload" time="29.105" classname="AutoITDemo.FileUploadDemo4"/>
</testsuite> <!-- AutoITDemo.FileUploadDemo4 -->
