<?xml version="1.0" encoding="UTF-8"?>
<!-- Generated by org.testng.reporters.JUnitReportReporter -->
<testsuite skipped="0" hostname="malli-PC" name="Selenium_TestNG.AlertDemo3" tests="1" failures="0" timestamp="23 Aug 2024 02:34:44 GMT" time="73.952" errors="0">
  <testcase name="lightBox" time="73.952" classname="Selenium_TestNG.AlertDemo3"/>
</testsuite> <!-- Selenium_TestNG.AlertDemo3 -->
