<?xml version="1.0" encoding="UTF-8"?>
<!-- Generated by org.testng.reporters.JUnitReportReporter -->
<testsuite skipped="0" hostname="malli-PC" name="Selenium_TestNG.Task" tests="1" failures="0" timestamp="24 Aug 2024 06:46:10 GMT" time="28.065" errors="0">
  <testcase name="bigBoss" time="28.065" classname="Selenium_TestNG.Task"/>
</testsuite> <!-- Selenium_TestNG.Task -->
