<?xml version="1.0" encoding="UTF-8"?>
<!-- Generated by org.testng.reporters.JUnitReportReporter -->
<testsuite skipped="0" hostname="malli-PC" name="Selenium_TestNG.ImplicitWaitDemo1" tests="1" failures="0" timestamp="01 Sep 2024 04:32:04 GMT" time="32.702" errors="0">
  <testcase name="ImplicitWait" time="32.702" classname="Selenium_TestNG.ImplicitWaitDemo1"/>
</testsuite> <!-- Selenium_TestNG.ImplicitWaitDemo1 -->
