<?xml version="1.0" encoding="UTF-8"?>
<!-- Generated by org.testng.reporters.JUnitReportReporter -->
<testsuite skipped="0" hostname="malli-PC" name="Selenium_TestNG.LinksName_Count" tests="1" failures="0" timestamp="22 Aug 2024 03:15:37 GMT" time="48.144" errors="0">
  <testcase name="linkNames" time="48.144" classname="Selenium_TestNG.LinksName_Count"/>
</testsuite> <!-- Selenium_TestNG.LinksName_Count -->
