<?xml version="1.0" encoding="UTF-8"?>
<!-- Generated by org.testng.reporters.JUnitReportReporter -->
<testsuite skipped="0" hostname="malli-PC" name="Selenium_TestNG.MousehoverDemo1" tests="1" failures="0" timestamp="27 Aug 2024 03:04:20 GMT" time="65.497" errors="0">
  <testcase name="Mercurylogin" time="65.497" classname="Selenium_TestNG.MousehoverDemo1"/>
</testsuite> <!-- Selenium_TestNG.MousehoverDemo1 -->
