<?xml version="1.0" encoding="UTF-8"?>
<!-- Generated by org.testng.reporters.JUnitReportReporter -->
<testsuite skipped="0" hostname="malli-PC" name="Selenium_TestNG.WebTableDemo1" tests="1" failures="0" timestamp="25 Aug 2024 05:45:14 GMT" time="25.168" errors="0">
  <testcase name="webTable" time="25.168" classname="Selenium_TestNG.WebTableDemo1"/>
</testsuite> <!-- Selenium_TestNG.WebTableDemo1 -->
