<?xml version="1.0" encoding="UTF-8"?>
<!-- Generated by org.testng.reporters.JUnitReportReporter -->
<testsuite skipped="0" hostname="malli-PC" name="Selenium_TestNG.LabelDemo4" tests="1" failures="0" timestamp="24 Aug 2024 03:45:15 GMT" time="19.400" errors="0">
  <testcase name="label" time="19.400" classname="Selenium_TestNG.LabelDemo4"/>
</testsuite> <!-- Selenium_TestNG.LabelDemo4 -->
