<?xml version="1.0" encoding="UTF-8"?>
<!-- Generated by org.testng.reporters.JUnitReportReporter -->
<testsuite skipped="0" hostname="malli-PC" name="Selenium_TestNG.ValidateConfirmAlertFunctionality2" tests="1" failures="0" timestamp="23 Aug 2024 17:36:41 GMT" time="49.979" errors="0">
  <testcase name="ValidateConfirmAlert" time="49.979" classname="Selenium_TestNG.ValidateConfirmAlertFunctionality2"/>
</testsuite> <!-- Selenium_TestNG.ValidateConfirmAlertFunctionality2 -->
