<?xml version="1.0" encoding="UTF-8"?>
<!-- Generated by org.testng.reporters.JUnitReportReporter -->
<testsuite skipped="0" hostname="malli-PC" name="Selenium_TestNG.LabelDemo5" tests="1" failures="0" timestamp="26 Aug 2024 02:37:01 GMT" time="77.140" errors="0">
  <testcase name="labe" time="77.140" classname="Selenium_TestNG.LabelDemo5"/>
</testsuite> <!-- Selenium_TestNG.LabelDemo5 -->
