<?xml version="1.0" encoding="UTF-8"?>
<!-- Generated by org.testng.reporters.JUnitReportReporter -->
<testsuite skipped="0" hostname="malli-PC" name="AutoITDemo.FileUploadDemo3" tests="1" failures="0" timestamp="09 Sep 2024 08:41:46 GMT" time="23.419" errors="0">
  <testcase name="FileUpload" time="23.419" classname="AutoITDemo.FileUploadDemo3"/>
</testsuite> <!-- AutoITDemo.FileUploadDemo3 -->
