<?xml version="1.0" encoding="UTF-8"?>
<!-- Generated by org.testng.reporters.JUnitReportReporter -->
<testsuite skipped="0" hostname="malli-PC" name="Selenium_TestNG.lightBox" tests="1" failures="0" timestamp="22 Aug 2024 03:06:39 GMT" time="69.479" errors="0">
  <testcase name="lightBox" time="69.479" classname="Selenium_TestNG.lightBox"/>
</testsuite> <!-- Selenium_TestNG.lightBox -->
