<?xml version="1.0" encoding="UTF-8"?>
<!-- Generated by org.testng.reporters.JUnitReportReporter -->
<testsuite skipped="0" hostname="malli-PC" name="TestNG.TestNGDemo1" tests="1" failures="0" timestamp="17 Aug 2024 03:31:38 GMT" time="0.003" errors="0">
  <testcase name="funA" time="0.003" classname="TestNG.TestNGDemo1"/>
</testsuite> <!-- TestNG.TestNGDemo1 -->
