<?xml version="1.0" encoding="UTF-8"?>
<!-- Generated by org.testng.reporters.JUnitReportReporter -->
<testsuite skipped="0" hostname="malli-PC" name="Selenium_TestNG.DragAndDrop2" tests="1" failures="0" timestamp="28 Aug 2024 02:48:46 GMT" time="50.378" errors="0">
  <testcase name="dragAndDrop" time="50.378" classname="Selenium_TestNG.DragAndDrop2"/>
</testsuite> <!-- Selenium_TestNG.DragAndDrop2 -->
