<?xml version="1.0" encoding="UTF-8"?>
<!-- Generated by org.testng.reporters.JUnitReportReporter -->
<testsuite skipped="0" hostname="malli-PC" name="Selenium_TestNG.ValidateConfirmAlertFunctionality" tests="1" failures="0" timestamp="23 Aug 2024 17:30:28 GMT" time="75.462" errors="0">
  <testcase name="ValidateConfirmAlert" time="75.462" classname="Selenium_TestNG.ValidateConfirmAlertFunctionality"/>
</testsuite> <!-- Selenium_TestNG.ValidateConfirmAlertFunctionality -->
